{"level":"info"}
{"level":"info"}
{"message":{"user":"user.naame"},"level":"info"}
{"message":{},"level":"info"}
{"message":{"user":"Login"},"level":"info"}
{"message":{"user":"\"testt\""},"level":"info"}
{"message":{"user":"Robert"},"level":"info"}
{"message":{"user":"testt","msg":"Login"},"level":"info"}
{"message":{"user":"Robert","msg":"Login"},"level":"info"}
{"message":{"user":"testt","msg":"Login"},"level":"info"}
{"message":{"user":"testt","msg":"Login"},"level":"info"}
undefined
{"message":{"user":"testt","msg":"Login"},"level":"info"}
{"message":{"user":"testt","msg":"Login"},"level":"info","label":"right meow!"}
{"message":{"user":"Robert","msg":"Login"},"level":"info"}
{"message":{"user":"testt","msg":"Login"},"level":"info","label":1532076961214}
{"message":{"user":"Robert","msg":"Login"},"level":"info"}
{"message":{"user":"Robert","msg":"Login"},"level":"info","label":1532077162155}
{"message":{"user":"Robert","msg":"Login"},"level":"info","label":1532077162155}
{"message":{"user":"testt","msg":"Login"},"level":"info"}
{"message":{"user":"Robert","msg":"Login"},"level":"info"}
{"message":{"user":"testt","msg":"Login"},"level":"info"}
{"message":{"user":"testt","msg":"Login"},"level":"info"}
{"message":{"user":"testt","msg":"Login"},"level":"info"}
{"message":{"user":"Robert","msg":"Login"},"level":"info"}
{"message":{"user":"Robert","msg":"Login"},"level":"info"}
{"message":{"user":"Robert","msg":"Login"},"level":"info"}
{"message":{"user":"testt","msg":"Login"},"level":"info"}
{"message":{"user":"testt","msg":"Login"},"level":"info"}
{"message":{"user":"testt","msg":"Login"},"level":"info"}
{"message":{"user":"Robert","msg":"Login"},"level":"info"}
{"message":{"user":"Robert","msg":"Login"},"level":"info"}
{"message":{"user":"Robert","msg":"Login"},"level":"info"}
{"message":{"user":"nowy","msg":"Login"},"level":"info"}
{"message":{"user":"test","msg":"Login"},"level":"info"}
{"message":{"user":"nowy","msg":"Login"},"level":"info"}
{"message":{"user":"Robert","msg":"Login"},"level":"info"}
